root - ERROR - SQL Error: 404: No data found for city paris, year 2020, and building type App
root - ERROR - SQL Error: 404: No data found for city paris, year 2020, and building type appartement
root - ERROR - SQL Error: 404: No data found for city lilles, year 2020, and building type appartement
root - ERROR - SQL Error: 404: No data found for city lilles, year 2020, and building type appartement
root - ERROR - SQL Error: 404: No data found for city montpellier, year 2020, and building type appartement
root - ERROR - SQL Error: 
root - ERROR - SQL Error: 
root - ERROR - SQL Error: 
root - ERROR - SQL Error: 
root - ERROR - SQL Error: 
root - ERROR - SQL Error: 
root - ERROR - SQL Error: 
root - ERROR - SQL Error: 
root - ERROR - SQL Error: 
root - ERROR - SQL Error: 
root - ERROR - SQL Error: 
root - ERROR - SQL Error: 
root - ERROR - SQL Error: 
root - ERROR - SQL Error: 
root - ERROR - SQL Error: 
root - ERROR - SQL Error: 
root - ERROR - SQL Error: 
root - ERROR - SQL Error: 
root - ERROR - SQL Error: 
root - ERROR - SQL Error: 
root - ERROR - SQL Error: 
root - ERROR - SQL Error: 
root - ERROR - SQL Error: 
root - ERROR - SQL Error: 
root - ERROR - SQL Error: 
root - ERROR - SQL Error: 
root - ERROR - SQL Error: 
root - ERROR - SQL Error: 
root - ERROR - SQL Error: 
